2018-06-23 16:31:20 [ThreadId 3] ERROR phoityne - [deleteBreakPointOnGHCi] invalid delete break point. BreakPointData {nameBreakPointData = "GoBang", srcPosBreakPointData = SourcePosition {filePathSourcePosition = "D:\\Project\\Haskell\\GoBangAI\\src\\GoBang.hs", startLineNoSourcePosition = 138, startColNoSourcePosition = -1, endLineNoSourcePosition = -1, endColNoSourcePosition = -1}, breakNoBreakPointData = Nothing, conditionBreakPointData = Nothing, hitConditionBreakPointData = Nothing, hitCountBreakPointData = 0}
2018-06-23 16:31:37 [ThreadId 3] ERROR phoityne - [deleteBreakPointOnGHCi] invalid delete break point. BreakPointData {nameBreakPointData = "GoBang", srcPosBreakPointData = SourcePosition {filePathSourcePosition = "D:\\Project\\Haskell\\GoBangAI\\src\\GoBang.hs", startLineNoSourcePosition = 138, startColNoSourcePosition = -1, endLineNoSourcePosition = -1, endColNoSourcePosition = -1}, breakNoBreakPointData = Nothing, conditionBreakPointData = Nothing, hitConditionBreakPointData = Nothing, hitCountBreakPointData = 0}
2018-06-23 16:31:48 [ThreadId 3] ERROR phoityne - [deleteBreakPointOnGHCi] invalid delete break point. BreakPointData {nameBreakPointData = "GoBang", srcPosBreakPointData = SourcePosition {filePathSourcePosition = "D:\\Project\\Haskell\\GoBangAI\\src\\GoBang.hs", startLineNoSourcePosition = 138, startColNoSourcePosition = -1, endLineNoSourcePosition = -1, endColNoSourcePosition = -1}, breakNoBreakPointData = Nothing, conditionBreakPointData = Nothing, hitConditionBreakPointData = Nothing, hitCountBreakPointData = 0}
2018-06-23 16:33:49 [ThreadId 3] ERROR phoityne - H>>= :force
 can not use these commands.
[":{",":abandon",":back",":break",":continue",":delete",":force",":forward",":history",":list",":print",":sprint",":step",":steplocal",":stepmodule",":trace"]

2018-06-23 16:34:04 [ThreadId 3] ERROR phoityne - H>>= :force thisR
 can not use these commands.
[":{",":abandon",":back",":break",":continue",":delete",":force",":forward",":history",":list",":print",":sprint",":step",":steplocal",":stepmodule",":trace"]

2018-06-23 16:34:34 [ThreadId 3] ERROR phoityne - [deleteBreakPointOnGHCi] invalid delete break point. BreakPointData {nameBreakPointData = "GoBang", srcPosBreakPointData = SourcePosition {filePathSourcePosition = "D:\\Project\\Haskell\\GoBangAI\\src\\GoBang.hs", startLineNoSourcePosition = 138, startColNoSourcePosition = -1, endLineNoSourcePosition = -1, endColNoSourcePosition = -1}, breakNoBreakPointData = Nothing, conditionBreakPointData = Nothing, hitConditionBreakPointData = Nothing, hitCountBreakPointData = 0}
2018-06-23 16:34:36 [ThreadId 3] ERROR phoityne - [deleteBreakPointOnGHCi] invalid delete break point. BreakPointData {nameBreakPointData = "GoBang", srcPosBreakPointData = SourcePosition {filePathSourcePosition = "D:\\Project\\Haskell\\GoBangAI\\src\\GoBang.hs", startLineNoSourcePosition = 138, startColNoSourcePosition = -1, endLineNoSourcePosition = -1, endColNoSourcePosition = -1}, breakNoBreakPointData = Nothing, conditionBreakPointData = Nothing, hitConditionBreakPointData = Nothing, hitCountBreakPointData = 0}
2018-06-23 16:34:36 [ThreadId 3] ERROR phoityne - [deleteBreakPointOnGHCi] invalid delete break point. BreakPointData {nameBreakPointData = "GoBang", srcPosBreakPointData = SourcePosition {filePathSourcePosition = "D:\\Project\\Haskell\\GoBangAI\\src\\GoBang.hs", startLineNoSourcePosition = 139, startColNoSourcePosition = -1, endLineNoSourcePosition = -1, endColNoSourcePosition = -1}, breakNoBreakPointData = Nothing, conditionBreakPointData = Nothing, hitConditionBreakPointData = Nothing, hitCountBreakPointData = 0}
2018-06-23 16:34:39 [ThreadId 3] ERROR phoityne - [deleteBreakPointOnGHCi] invalid delete break point. BreakPointData {nameBreakPointData = "GoBang", srcPosBreakPointData = SourcePosition {filePathSourcePosition = "D:\\Project\\Haskell\\GoBangAI\\src\\GoBang.hs", startLineNoSourcePosition = 138, startColNoSourcePosition = -1, endLineNoSourcePosition = -1, endColNoSourcePosition = -1}, breakNoBreakPointData = Nothing, conditionBreakPointData = Nothing, hitConditionBreakPointData = Nothing, hitCountBreakPointData = 0}
2018-06-23 16:52:23 [ThreadId 3] ERROR phoityne - H>>= :sprint _result
 can not use these commands.
[":{",":abandon",":back",":break",":continue",":delete",":force",":forward",":history",":list",":print",":sprint",":step",":steplocal",":stepmodule",":trace"]

2018-06-23 16:54:02 [ThreadId 3] ERROR phoityne - [deleteBreakPointOnGHCi] invalid delete break point. BreakPointData {nameBreakPointData = "GoBang", srcPosBreakPointData = SourcePosition {filePathSourcePosition = "D:\\Project\\Haskell\\GoBangAI\\src\\GoBang.hs", startLineNoSourcePosition = 144, startColNoSourcePosition = -1, endLineNoSourcePosition = -1, endColNoSourcePosition = -1}, breakNoBreakPointData = Nothing, conditionBreakPointData = Nothing, hitConditionBreakPointData = Nothing, hitCountBreakPointData = 0}
2018-06-23 16:54:03 [ThreadId 3] ERROR phoityne - [deleteBreakPointOnGHCi] invalid delete break point. BreakPointData {nameBreakPointData = "GoBang", srcPosBreakPointData = SourcePosition {filePathSourcePosition = "D:\\Project\\Haskell\\GoBangAI\\src\\GoBang.hs", startLineNoSourcePosition = 137, startColNoSourcePosition = -1, endLineNoSourcePosition = -1, endColNoSourcePosition = -1}, breakNoBreakPointData = Nothing, conditionBreakPointData = Nothing, hitConditionBreakPointData = Nothing, hitCountBreakPointData = 0}
2018-06-23 16:54:03 [ThreadId 3] ERROR phoityne - [deleteBreakPointOnGHCi] invalid delete break point. BreakPointData {nameBreakPointData = "GoBang", srcPosBreakPointData = SourcePosition {filePathSourcePosition = "D:\\Project\\Haskell\\GoBangAI\\src\\GoBang.hs", startLineNoSourcePosition = 138, startColNoSourcePosition = -1, endLineNoSourcePosition = -1, endColNoSourcePosition = -1}, breakNoBreakPointData = Nothing, conditionBreakPointData = Nothing, hitConditionBreakPointData = Nothing, hitCountBreakPointData = 0}
2018-06-23 16:54:03 [ThreadId 3] ERROR phoityne - [deleteBreakPointOnGHCi] invalid delete break point. BreakPointData {nameBreakPointData = "GoBang", srcPosBreakPointData = SourcePosition {filePathSourcePosition = "D:\\Project\\Haskell\\GoBangAI\\src\\GoBang.hs", startLineNoSourcePosition = 144, startColNoSourcePosition = -1, endLineNoSourcePosition = -1, endColNoSourcePosition = -1}, breakNoBreakPointData = Nothing, conditionBreakPointData = Nothing, hitConditionBreakPointData = Nothing, hitCountBreakPointData = 0}
2018-06-23 16:54:04 [ThreadId 3] ERROR phoityne - [deleteBreakPointOnGHCi] invalid delete break point. BreakPointData {nameBreakPointData = "GoBang", srcPosBreakPointData = SourcePosition {filePathSourcePosition = "D:\\Project\\Haskell\\GoBangAI\\src\\GoBang.hs", startLineNoSourcePosition = 138, startColNoSourcePosition = -1, endLineNoSourcePosition = -1, endColNoSourcePosition = -1}, breakNoBreakPointData = Nothing, conditionBreakPointData = Nothing, hitConditionBreakPointData = Nothing, hitCountBreakPointData = 0}
2018-06-23 16:54:04 [ThreadId 3] ERROR phoityne - [deleteBreakPointOnGHCi] invalid delete break point. BreakPointData {nameBreakPointData = "GoBang", srcPosBreakPointData = SourcePosition {filePathSourcePosition = "D:\\Project\\Haskell\\GoBangAI\\src\\GoBang.hs", startLineNoSourcePosition = 144, startColNoSourcePosition = -1, endLineNoSourcePosition = -1, endColNoSourcePosition = -1}, breakNoBreakPointData = Nothing, conditionBreakPointData = Nothing, hitConditionBreakPointData = Nothing, hitCountBreakPointData = 0}
2018-06-23 16:54:27 [ThreadId 3] ERROR phoityne - [deleteBreakPointOnGHCi] invalid delete break point. BreakPointData {nameBreakPointData = "GoBang", srcPosBreakPointData = SourcePosition {filePathSourcePosition = "D:\\Project\\Haskell\\GoBangAI\\src\\GoBang.hs", startLineNoSourcePosition = 138, startColNoSourcePosition = -1, endLineNoSourcePosition = -1, endColNoSourcePosition = -1}, breakNoBreakPointData = Nothing, conditionBreakPointData = Nothing, hitConditionBreakPointData = Nothing, hitCountBreakPointData = 0}
2018-06-23 16:57:16 [ThreadId 3] ERROR phoityne - [disconnectRequestHandler] ghci quit error. <file descriptor: 5>: hPutChar: resource vanished (Broken pipe)
2018-06-23 17:15:48 [ThreadId 10] ERROR phoityne - load file fail.[D:\Project\Haskell\GobangAI\src\GoBang.hs]
2018-06-23 17:15:57 [ThreadId 11] ERROR phoityne - load file fail.[D:\Project\Haskell\GobangAI\src\GoBang.hs]
2018-06-23 18:10:18 [ThreadId 251] ERROR phoityne - load file fail.[D:\Project\Haskell\GobangAI\src\StateGenerator.hs]
2018-06-23 18:10:20 [ThreadId 252] ERROR phoityne - load file fail.[D:\Project\Haskell\GobangAI\src\StateGenerator.hs]
2018-06-23 18:10:22 [ThreadId 253] ERROR phoityne - load file fail.[D:\Project\Haskell\GobangAI\src\StateGenerator.hs]
2018-06-23 18:10:25 [ThreadId 254] ERROR phoityne - load file fail.[D:\Project\Haskell\GobangAI\src\StateGenerator.hs]
2018-06-23 18:10:28 [ThreadId 255] ERROR phoityne - load file fail.[D:\Project\Haskell\GobangAI\src\StateGenerator.hs]
2018-06-23 18:10:29 [ThreadId 256] ERROR phoityne - load file fail.[D:\Project\Haskell\GobangAI\src\StateGenerator.hs]
2018-06-23 18:10:35 [ThreadId 257] ERROR phoityne - load file fail.[D:\Project\Haskell\GobangAI\src\StateGenerator.hs]
2018-06-23 18:10:43 [ThreadId 258] ERROR phoityne - load file fail.[D:\Project\Haskell\GobangAI\src\StateGenerator.hs]
2018-06-23 18:10:45 [ThreadId 259] ERROR phoityne - load file fail.[D:\Project\Haskell\GobangAI\src\StateGenerator.hs]
2018-06-23 18:10:47 [ThreadId 260] ERROR phoityne - load file fail.[D:\Project\Haskell\GobangAI\src\StateGenerator.hs]
2018-06-23 18:11:01 [ThreadId 263] ERROR phoityne - load file fail.[D:\Project\Haskell\GobangAI\src\StateGenerator.hs]
2018-06-23 18:11:22 [ThreadId 268] ERROR phoityne - load file fail.[D:\Project\Haskell\GobangAI\test\Spec.hs]
2018-06-23 18:11:51 [ThreadId 273] ERROR phoityne - load file fail.[D:\Project\Haskell\GobangAI\src\StateGenerator.hs]
2018-06-23 19:48:01 [ThreadId 9] ERROR phoityne - load file fail.[D:\Project\Haskell\GobangAI\test\Pattern\PublicSpec.hs]
2018-06-23 19:48:17 [ThreadId 12] ERROR phoityne - load file fail.[D:\Project\Haskell\GobangAI\test\PublicSpec.hs]
2018-06-23 19:48:25 [ThreadId 14] ERROR phoityne - load file fail.[D:\Project\Haskell\GobangAI\test\Pattern.hs]
2018-06-23 19:48:36 [ThreadId 17] ERROR phoityne - load file fail.[D:\Project\Haskell\GobangAI\src\Pattern\Public.hs]
2018-06-23 19:48:39 [ThreadId 19] ERROR phoityne - load file fail.[D:\Project\Haskell\GobangAI\src\Public.hs]
